<?xml version="1.0" encoding="UTF-8"?>
<!-- Generated by org.testng.reporters.JUnitReportReporter -->
<testsuite skipped="0" hostname="Naveen-PC" name="com.actiTimeFramework.login.scripts.TestInvalidLogin" tests="1" failures="0" timestamp="01 Aug 2018 04:53:08 GMT" time="32.636" errors="0">
  <testcase name="testInvalidLogin" time="32.636" classname="com.actiTimeFramework.login.scripts.TestInvalidLogin"/>
</testsuite> <!-- com.actiTimeFramework.login.scripts.TestInvalidLogin -->
