<?xml version="1.0" encoding="UTF-8"?>
<!-- Generated by org.testng.reporters.JUnitReportReporter -->
<testsuite skipped="0" hostname="Naveen-PC" name="com.actiTimeFramework.login.scripts.TestValidLogin" tests="1" failures="0" timestamp="13 Aug 2018 14:50:49 GMT" time="3.205" errors="0">
  <testcase name="testValidLogin" time="3.205" classname="com.actiTimeFramework.login.scripts.TestValidLogin"/>
</testsuite> <!-- com.actiTimeFramework.login.scripts.TestValidLogin -->
