<?xml version="1.0" encoding="UTF-8"?>
<!-- Generated by org.testng.reporters.JUnitReportReporter -->
<testsuite skipped="0" hostname="Naveen-PC" name="com.actiTimeFramework.login.scripts.TestInvalidLogin" tests="1" failures="0" timestamp="19 Aug 2018 14:42:39 GMT" time="33.078" errors="0">
  <testcase name="testInvalidLogin" time="33.078" classname="com.actiTimeFramework.login.scripts.TestInvalidLogin"/>
</testsuite> <!-- com.actiTimeFramework.login.scripts.TestInvalidLogin -->
