<?xml version="1.0" encoding="UTF-8"?>
<!-- Generated by org.testng.reporters.JUnitReportReporter -->
<testsuite skipped="0" hostname="Naveen-PC" name="com.actiTimeFramework.login.scripts.TestValidLogin" tests="1" failures="0" timestamp="21 Aug 2018 08:28:35 GMT" time="2.786" errors="0">
  <testcase name="testValidLogin" time="2.786" classname="com.actiTimeFramework.login.scripts.TestValidLogin"/>
</testsuite> <!-- com.actiTimeFramework.login.scripts.TestValidLogin -->
